Traceback (most recent call last):
  File "/opt/hostedtoolcache/Python/3.12.5/x64/lib/python3.12/site-packages/jupyter_cache/executors/utils.py", line 58, in single_nb_execution
    executenb(
  File "/opt/hostedtoolcache/Python/3.12.5/x64/lib/python3.12/site-packages/nbclient/client.py", line 1314, in execute
    return NotebookClient(nb=nb, resources=resources, km=km, **kwargs).execute()
           ^^^^^^^^^^^^^^^^^^^^^^^^^^^^^^^^^^^^^^^^^^^^^^^^^^^^^^^^^^^^^^^^^^^^^
  File "/opt/hostedtoolcache/Python/3.12.5/x64/lib/python3.12/site-packages/jupyter_core/utils/__init__.py", line 165, in wrapped
    return loop.run_until_complete(inner)
           ^^^^^^^^^^^^^^^^^^^^^^^^^^^^^^
  File "/opt/hostedtoolcache/Python/3.12.5/x64/lib/python3.12/asyncio/base_events.py", line 687, in run_until_complete
    return future.result()
           ^^^^^^^^^^^^^^^
  File "/opt/hostedtoolcache/Python/3.12.5/x64/lib/python3.12/site-packages/nbclient/client.py", line 709, in async_execute
    await self.async_execute_cell(
  File "/opt/hostedtoolcache/Python/3.12.5/x64/lib/python3.12/site-packages/nbclient/client.py", line 1062, in async_execute_cell
    await self._check_raise_for_error(cell, cell_index, exec_reply)
  File "/opt/hostedtoolcache/Python/3.12.5/x64/lib/python3.12/site-packages/nbclient/client.py", line 918, in _check_raise_for_error
    raise CellExecutionError.from_cell_and_msg(cell, exec_reply_content)
nbclient.exceptions.CellExecutionError: An error occurred while executing the following cell:
------------------
'''
    Importando bibliotecas de terceira parte
'''
import numpy as np
import pandas as pd

'''
    Importando a bilbioteca criada para a realização das análises dinâmicas
    no contexto da disciplina
'''
import rotor_analysis as rd

'''
    Configurando pint.Quantity
'''
Q_ = rd.Q_
------------------


[0;31m---------------------------------------------------------------------------[0m
[0;31mModuleNotFoundError[0m                       Traceback (most recent call last)
Cell [0;32mIn[1], line 5[0m
[1;32m      1[0m [38;5;124;03m'''[39;00m
[1;32m      2[0m [38;5;124;03m    Importando bibliotecas de terceira parte[39;00m
[1;32m      3[0m [38;5;124;03m'''[39;00m
[1;32m      4[0m [38;5;28;01mimport[39;00m [38;5;21;01mnumpy[39;00m [38;5;28;01mas[39;00m [38;5;21;01mnp[39;00m
[0;32m----> 5[0m [38;5;28;01mimport[39;00m [38;5;21;01mpandas[39;00m [38;5;28;01mas[39;00m [38;5;21;01mpd[39;00m
[1;32m      7[0m [38;5;124;03m'''[39;00m
[1;32m      8[0m [38;5;124;03m    Importando a bilbioteca criada para a realização das análises dinâmicas[39;00m
[1;32m      9[0m [38;5;124;03m    no contexto da disciplina[39;00m
[1;32m     10[0m [38;5;124;03m'''[39;00m
[1;32m     11[0m [38;5;28;01mimport[39;00m [38;5;21;01mrotor_analysis[39;00m [38;5;28;01mas[39;00m [38;5;21;01mrd[39;00m

[0;31mModuleNotFoundError[0m: No module named 'pandas'

